<?xml version="1.0" encoding="UTF-8"?>
<!-- Generated by org.testng.reporters.JUnitReportReporter -->
<testsuite hostname="mighty-PC" failures="0" tests="3" name="lockheedtest.HomePage" time="247.974" errors="0" timestamp="2022-01-18T19:10:33 IST" skipped="0">
  <testcase classname="lockheedtest.HomePage" name="checkForNavBar" time="99.179"/>
  <system-out/>
  <testcase classname="lockheedtest.HomePage" name="clickLogin" time="70.391"/>
  <system-out/>
  <testcase classname="lockheedtest.HomePage" name="clickLogin" time="78.404"/>
  <system-out/>
</testsuite> <!-- lockheedtest.HomePage -->
