<?xml version="1.0" encoding="UTF-8"?>
<!-- Generated by org.testng.reporters.JUnitReportReporter -->
<testsuite hostname="mighty-PC" failures="0" tests="1" name="lockheedtest.BasePageNavigation" time="19.498" errors="0" timestamp="2022-01-17T18:40:09 IST" skipped="0">
  <testcase classname="lockheedtest.BasePageNavigation" name="clickLogin" time="19.498"/>
  <system-out/>
</testsuite> <!-- lockheedtest.BasePageNavigation -->
