<?xml version="1.0" encoding="UTF-8"?>
<!-- Generated by org.testng.reporters.JUnitReportReporter -->
<testsuite hostname="mighty-PC" failures="0" tests="4" name="lockheedtest.ProductsPage" time="37.608" errors="0" timestamp="2022-01-27T14:07:25 IST" skipped="0">
  <testcase classname="lockheedtest.ProductsPage" name="Login" time="7.917"/>
  <system-out/>
  <testcase classname="lockheedtest.ProductsPage" name="verifyDealsText" time="5.025"/>
  <system-out/>
  <testcase classname="lockheedtest.ProductsPage" name="searchForProduct" time="19.630"/>
  <system-out/>
  <testcase classname="lockheedtest.ProductsPage" name="applyFilters" time="5.036"/>
  <system-out/>
</testsuite> <!-- lockheedtest.ProductsPage -->
